<?xml version="1.0" encoding="UTF-8"?>
<testsuite name="CinemaTests" tests="1" skipped="0" failures="0" errors="0" timestamp="2022-08-18T16:00:53" hostname="LAPTOP-CPK6JGGM" time="6.355">
  <properties/>
  <testcase name="start" classname="CinemaTests" time="6.355"/>
  <system-out><![CDATA[?[1;31m
Start test 1?[0m

  .   ____          _            __ _ _
 /\\ / ___'_ __ _ _(_)_ __  __ _ \ \ \ \
( ( )\___ | '_ | '_| | '_ \/ _` | \ \ \ \
 \\/  ___)| |_)| | | | | || (_| |  ) ) ) )
  '  |____| .__|_| |_|_| |_\__, | / / / /
 =========|_|==============|___/=/_/_/_/
 :: Spring Boot ::                (v2.5.6)

2022-08-18 17:00:54.462  INFO 16856 --- [    Test worker] cinema.Main                              : Starting Main using Java 17.0.3 on LAPTOP-CPK6JGGM with PID 16856 (started by jamie in C:\Users\jamie\Cinema Room REST Service\Cinema Room REST Service\task)
2022-08-18 17:00:54.466  INFO 16856 --- [    Test worker] cinema.Main                              : No active profile set, falling back to default profiles: default
2022-08-18 17:00:57.143  INFO 16856 --- [    Test worker] o.s.b.w.embedded.tomcat.TomcatWebServer  : Tomcat initialized with port(s): 5050 (http)
2022-08-18 17:00:57.168  INFO 16856 --- [    Test worker] o.apache.catalina.core.StandardService   : Starting service [Tomcat]
2022-08-18 17:00:57.170  INFO 16856 --- [    Test worker] org.apache.catalina.core.StandardEngine  : Starting Servlet engine: [Apache Tomcat/9.0.54]
2022-08-18 17:00:57.361  INFO 16856 --- [    Test worker] o.a.c.c.C.[Tomcat].[localhost].[/]       : Initializing Spring embedded WebApplicationContext
2022-08-18 17:00:57.362  INFO 16856 --- [    Test worker] w.s.c.ServletWebServerApplicationContext : Root WebApplicationContext: initialization completed in 2813 ms
2022-08-18 17:00:58.579  INFO 16856 --- [    Test worker] o.s.b.a.e.web.EndpointLinksResolver      : Exposing 14 endpoint(s) beneath base path '/actuator'
2022-08-18 17:00:58.646  INFO 16856 --- [    Test worker] o.s.b.w.embedded.tomcat.TomcatWebServer  : Tomcat started on port(s): 5050 (http) with context path ''
2022-08-18 17:00:58.676  INFO 16856 --- [    Test worker] cinema.Main                              : Started Main in 4.828 seconds (JVM running for 5.737)
2022-08-18 17:00:59.317  INFO 16856 --- [nio-5050-exec-1] o.a.c.c.C.[Tomcat].[localhost].[/]       : Initializing Spring DispatcherServlet 'dispatcherServlet'
2022-08-18 17:00:59.317  INFO 16856 --- [nio-5050-exec-1] o.s.web.servlet.DispatcherServlet        : Initializing Servlet 'dispatcherServlet'
2022-08-18 17:00:59.319  INFO 16856 --- [nio-5050-exec-1] o.s.web.servlet.DispatcherServlet        : Completed initialization in 2 ms
?[1;31m
Start test 2?[0m
?[1;31m
Start test 3?[0m
?[1;31m
Start test 4?[0m
?[1;31m
Start test 5?[0m
?[1;31m
Start test 6?[0m
?[1;31m
Start test 7?[0m
?[1;31m
Start test 8?[0m
?[1;31m
Start test 9?[0m
?[1;31m
Start test 10?[0m
?[1;31m
Start test 11?[0m
?[1;31m
Start test 12?[0m
]]></system-out>
  <system-err><![CDATA[{}
{
{password=super_secret}
super_secret
{password=super_secret}
super_secret
{password=super_secret}
super_secret
]]></system-err>
</testsuite>
